0 info it worked if it ends with ok
1 verbose cli [ 'C:\\Program Files\\nodejs\\node.exe',
1 verbose cli   'C:\\Program Files\\nodejs\\node_modules\\npm\\bin\\npm-cli.js',
1 verbose cli   'publish' ]
2 info using npm@3.10.10
3 info using node@v6.11.3
4 verbose publish [ '.' ]
5 silly cache add args [ '.', null ]
6 verbose cache add spec .
7 silly cache add parsed spec Result {
7 silly cache add   raw: '.',
7 silly cache add   scope: null,
7 silly cache add   escapedName: null,
7 silly cache add   name: null,
7 silly cache add   rawSpec: '.',
7 silly cache add   spec: 'C:\\Projects\\Trainings\\ReactJS\\jira-editor',
7 silly cache add   type: 'directory' }
8 verbose addLocalDirectory C:\Users\hespiher\AppData\Roaming\npm-cache\react-jira-editor\0.1.0\package.tgz not in flight; packing
9 verbose correctMkdir C:\Users\hespiher\AppData\Roaming\npm-cache correctMkdir not in flight; initializing
10 info lifecycle react-jira-editor@0.1.0~prepublish: react-jira-editor@0.1.0
11 silly lifecycle react-jira-editor@0.1.0~prepublish: no script for prepublish, continuing
12 verbose tar pack [ 'C:\\Users\\hespiher\\AppData\\Roaming\\npm-cache\\react-jira-editor\\0.1.0\\package.tgz',
12 verbose tar pack   'C:\\Projects\\Trainings\\ReactJS\\jira-editor' ]
13 verbose tarball C:\Users\hespiher\AppData\Roaming\npm-cache\react-jira-editor\0.1.0\package.tgz
14 verbose folder C:\Projects\Trainings\ReactJS\jira-editor
15 verbose addLocalTarball adding from inside cache C:\Users\hespiher\AppData\Roaming\npm-cache\react-jira-editor\0.1.0\package.tgz
16 verbose correctMkdir C:\Users\hespiher\AppData\Roaming\npm-cache correctMkdir not in flight; initializing
17 silly cache afterAdd react-jira-editor@0.1.0
18 verbose afterAdd C:\Users\hespiher\AppData\Roaming\npm-cache\react-jira-editor\0.1.0\package\package.json not in flight; writing
19 verbose correctMkdir C:\Users\hespiher\AppData\Roaming\npm-cache correctMkdir not in flight; initializing
20 verbose afterAdd C:\Users\hespiher\AppData\Roaming\npm-cache\react-jira-editor\0.1.0\package\package.json written
21 silly publish { name: 'react-jira-editor',
21 silly publish   version: '0.1.0',
21 silly publish   description: 'A visual rich text editor that generates JIRA markup',
21 silly publish   main: 'lib/index.js',
21 silly publish   scripts:
21 silly publish    { build: 'npm run lib',
21 silly publish      dev: 'concurrently "npm run lib:watch" "npm run docs"',
21 silly publish      lib: 'babel src/lib -d lib --copy-files',
21 silly publish      'lib:watch': 'babel src/lib -w -d lib --copy-files',
21 silly publish      docs: 'webpack-dev-server --mode development',
21 silly publish      'docs:prod': 'webpack --mode production',
21 silly publish      test: '"npm run build" && jest' },
21 silly publish   keywords: [ 'jira', 'editor', 'wysiwyg', 'reactjs', 'markup' ],
21 silly publish   license: 'MIT',
21 silly publish   peerDependencies:
21 silly publish    { react: '^15.3.0 || ^16.2.0',
21 silly publish      'react-dom': '^15.3.0 || ^16.2.0' },
21 silly publish   devDependencies:
21 silly publish    { '@babel/cli': '^7.0.0-beta.46',
21 silly publish      '@babel/core': '^7.0.0-beta.51',
21 silly publish      '@babel/plugin-proposal-class-properties': '^7.0.0-beta.46',
21 silly publish      '@babel/plugin-proposal-object-rest-spread': '^7.0.0-beta.46',
21 silly publish      '@babel/preset-env': '^7.0.0-beta.46',
21 silly publish      '@babel/preset-react': '^7.0.0-beta.46',
21 silly publish      'babel-core': '^7.0.0-bridge.0',
21 silly publish      'babel-jest': '^23.0.1',
21 silly publish      'babel-loader': '^8.0.0-beta.0',
21 silly publish      'babel-preset-es2015': '^6.24.1',
21 silly publish      concurrently: '^3.5.1',
21 silly publish      'css-loader': '^0.28.11',
21 silly publish      'file-loader': '^1.1.11',
21 silly publish      'html-webpack-plugin': '^3.2.0',
21 silly publish      jest: '^23.1.0',
21 silly publish      mocha: '^5.2.0',
21 silly publish      react: '^16.3.2',
21 silly publish      'react-dom': '^16.3.2',
21 silly publish      'react-test-renderer': '^16.4.1',
21 silly publish      'regenerator-runtime': '^0.11.1',
21 silly publish      'style-loader': '^0.21.0',
21 silly publish      'url-loader': '^1.0.1',
21 silly publish      webpack: '^4.6.0',
21 silly publish      'webpack-cli': '^2.0.15',
21 silly publish      'webpack-dev-server': '^3.1.3' },
21 silly publish   author: { name: 'Héctor Espí Hernández', email: 'hectorspi@gmail.com' },
21 silly publish   homepage: 'https://github.com/hespi/jira-editor',
21 silly publish   repository:
21 silly publish    { type: 'git',
21 silly publish      url: 'git+ssh://git@github.com/hespi/jira-editor.git' },
21 silly publish   dependencies:
21 silly publish    { 'draft-js': '^0.10.5',
21 silly publish      'draftjs-to-html': '^0.8.4',
21 silly publish      'html-to-draftjs': '^1.4.0',
21 silly publish      'react-draft-wysiwyg': '^1.12.13' },
21 silly publish   readme: '# JIRA Editor\n\nA WYSIWYG editor based on DraftJS Editor that generates JIRA markup.\n\nTo test it, open the [demo page.](https://hespi.github.io/jira-editor/)\n\n## Installation\n\n```\nnpm install --save jira-editor\n```\n\n## Usage\n\n\n```\nimport JiraEditor from "jira-editor";\n\nvar jiraEditor = null;\n\nfunction onJiraEditor_Loaded(editor) {\n    jiraEditor = editor;\n}\n\nfunction render() {\n    return (\n    <JiraEditor ref={onJiraEditor_Loaded} />\n    )\n}\n\n\n```\n\n### Editor initialization\nUse the following attributes for component initialization\n\n* _html: string_ - The initial contents of the editor in HTML format.\n\nExample:\n\n```\nvar initialContent = \'<p>Editor <strong>content</strong><strong><em> formatted </em></strong><del>strike </del><sup>super </sup>and <sub>sub </sub><ins>underline</ins></p>\n        <blockquote><span style="color: rgb(247,218,100);">blockquot </span></blockquote>\n        <blockquote><span style="color: rgb(247,218,100);">JHGJHe</span></blockquote>\n        <pre><span style="color: rgb(0,0,0);">THIS IS CODE ads</span></pre>\n        <ul>\n        <li><span style="color: rgb(0,0,0);">Unordered list 1</span></li>\n        <li><span style="color: rgb(0,0,0);">Unordered list 2</span></li>\n        </ul>\n        <ol>\n        <li><span style="color: rgb(0,0,0);">Ordered list 1</span></li>\n        <li><span style="color: rgb(0,0,0);">Ordered 😀</span>&nbsp;</li>\n        </ol>\';\n\nfunction render() {\n    return (\n    <JiraEditor html={initialContent} />\n    )\n}\n\n```\n\n### Markup generation\nUse the following properties to access editor contents in different formats:\n\n* _html: string_ - Retrieves the contents of the editor in HTML format.\n* _markup: string_ - Retrieves the contents of the editor in JIRA markup format.\n\nExample:\n\n```\nvar jiraEditor = null;\n\nfunction onJiraEditor_Loaded(editor) {\n    jiraEditor = editor;\n}\n\nfunction onGetHtml_Click(sender) {\n    console.log(jiraEditor.html);\n}\n\nfunction render() {\n    return (\n    <JiraEditor ref={onJiraEditor_Loaded} />\n    <button onClick={onGetHtml_Click}>Get HTML</button>\n    )\n}\n```\n```\nvar jiraEditor = null;\n\nfunction onJiraEditor_Loaded(editor) {\n    jiraEditor = editor;\n}\n\nfunction onGetMarkup_Click(sender) {\n    console.log(jiraEditor.markup);\n}\n\nfunction render() {\n    return (\n    <JiraEditor ref={onJiraEditor_Loaded} />\n    <button onClick={onGetMarkup_Click}>Get Markup</button>\n    )\n}\n\n```',
21 silly publish   readmeFilename: 'README.md',
21 silly publish   gitHead: 'bcf4c022c29316af560d72233636d43017b87249',
21 silly publish   bugs: { url: 'https://github.com/hespi/jira-editor/issues' },
21 silly publish   _id: 'react-jira-editor@0.1.0',
21 silly publish   _shasum: 'd8df3f39c3743ce76760064f0abc4ae6771ec9e1',
21 silly publish   _from: '.' }
22 verbose getPublishConfig undefined
23 silly mapToRegistry name react-jira-editor
24 silly mapToRegistry using default registry
25 silly mapToRegistry registry https://registry.npmjs.org/
26 silly mapToRegistry data Result {
26 silly mapToRegistry   raw: 'react-jira-editor',
26 silly mapToRegistry   scope: null,
26 silly mapToRegistry   escapedName: 'react-jira-editor',
26 silly mapToRegistry   name: 'react-jira-editor',
26 silly mapToRegistry   rawSpec: '',
26 silly mapToRegistry   spec: 'latest',
26 silly mapToRegistry   type: 'tag' }
27 silly mapToRegistry uri https://registry.npmjs.org/react-jira-editor
28 verbose publish registryBase https://registry.npmjs.org/
29 silly publish uploading C:\Users\hespiher\AppData\Roaming\npm-cache\react-jira-editor\0.1.0\package.tgz
30 verbose request uri https://registry.npmjs.org/react-jira-editor
31 verbose request sending authorization for write operation
32 info attempt registry request try #1 at 09:31:01
33 verbose request using bearer token for auth
34 verbose request id 614679d667abec9e
35 http request PUT https://registry.npmjs.org/react-jira-editor
36 http 403 https://registry.npmjs.org/react-jira-editor
37 verbose headers { date: 'Mon, 17 Sep 2018 07:31:02 GMT',
37 verbose headers   'content-type': 'application/json',
37 verbose headers   'transfer-encoding': 'chunked',
37 verbose headers   connection: 'close',
37 verbose headers   'set-cookie': [ '__cfduid=d2b811e97c264b690a7791e59cf4a70401537169461; expires=Tue, 17-Sep-19 07:31:01 GMT; path=/; domain=.registry.npmjs.org; HttpOnly' ],
37 verbose headers   'cf-ray': '45b9def0fffd54b0-MAD',
37 verbose headers   'expect-ct': 'max-age=604800, report-uri="https://report-uri.cloudflare.com/cdn-cgi/beacon/expect-ct"',
37 verbose headers   vary: 'Accept-Encoding',
37 verbose headers   server: 'cloudflare',
37 verbose headers   'content-encoding': 'gzip' }
38 verbose request invalidating C:\Users\hespiher\AppData\Roaming\npm-cache\registry.npmjs.org\react-jira-editor on PUT
39 error publish Failed PUT 403
40 verbose stack Error: You cannot publish over the previously published versions: 0.1.0. : react-jira-editor
40 verbose stack     at makeError (C:\Program Files\nodejs\node_modules\npm\node_modules\npm-registry-client\lib\request.js:302:12)
40 verbose stack     at CachingRegistryClient.<anonymous> (C:\Program Files\nodejs\node_modules\npm\node_modules\npm-registry-client\lib\request.js:290:14)
40 verbose stack     at C:\Program Files\nodejs\node_modules\npm\node_modules\npm-registry-client\lib\request.js:216:7
40 verbose stack     at Gunzip.onEnd (zlib.js:227:5)
40 verbose stack     at emitNone (events.js:91:20)
40 verbose stack     at Gunzip.emit (events.js:185:7)
40 verbose stack     at endReadableNT (_stream_readable.js:974:12)
40 verbose stack     at _combinedTickCallback (internal/process/next_tick.js:80:11)
40 verbose stack     at process._tickCallback (internal/process/next_tick.js:104:9)
41 verbose statusCode 403
42 verbose pkgid react-jira-editor
43 verbose cwd C:\Projects\Trainings\ReactJS\jira-editor
44 error Windows_NT 10.0.14393
45 error argv "C:\\Program Files\\nodejs\\node.exe" "C:\\Program Files\\nodejs\\node_modules\\npm\\bin\\npm-cli.js" "publish"
46 error node v6.11.3
47 error npm  v3.10.10
48 error code E403
49 error You cannot publish over the previously published versions: 0.1.0. : react-jira-editor
50 error If you need help, you may report this error at:
50 error     <https://github.com/npm/npm/issues>
51 verbose exit [ 1, true ]
